  main.cpp
C:\Users\User\OneDrive\Документы\Projects\CPP\Project1\Project1\main.cpp(98,25): warning C4305: аргумент: усечение из "double" в "float"
C:\Users\User\OneDrive\Документы\Projects\CPP\Project1\Project1\main.cpp(142,26): warning C4305: аргумент: усечение из "double" в "float"
C:\Users\User\OneDrive\Документы\Projects\CPP\Project1\Project1\main.cpp(149,26): warning C4305: аргумент: усечение из "double" в "float"
C:\Users\User\OneDrive\Документы\Projects\CPP\Project1\Project1\main.cpp(204,23): warning C4244: аргумент: преобразование "time_t" в "unsigned int", возможна потеря данных
C:\Users\User\OneDrive\Документы\Projects\CPP\Project1\Project1\main.cpp(228,48): warning C4244: аргумент: преобразование "int" в "T", возможна потеря данных
          with
          [
              T=float
          ]
C:\Users\User\OneDrive\Документы\Projects\CPP\Project1\Project1\main.cpp(269,49): warning C4244: аргумент: преобразование "T" в "float", возможна потеря данных
          with
          [
              T=unsigned int
          ]
C:\Users\User\OneDrive\Документы\Projects\CPP\Project1\Project1\main.cpp(283,71): warning C4244: аргумент: преобразование "T" в "float", возможна потеря данных
          with
          [
              T=unsigned int
          ]
C:\Users\User\OneDrive\Документы\Projects\CPP\Project1\Project1\main.cpp(283,45): warning C4244: аргумент: преобразование "T" в "float", возможна потеря данных
          with
          [
              T=unsigned int
          ]
C:\Users\User\OneDrive\Документы\Projects\CPP\Project1\Project1\main.cpp(297,28): warning C4244: аргумент: преобразование "int" в "float", возможна потеря данных
C:\Users\User\OneDrive\Документы\Projects\CPP\Project1\Project1\main.cpp(297,25): warning C4244: аргумент: преобразование "int" в "float", возможна потеря данных
C:\Users\User\OneDrive\Документы\Projects\CPP\Project1\Project1\main.cpp(306,33): warning C4244: аргумент: преобразование "int" в "float", возможна потеря данных
C:\Users\User\OneDrive\Документы\Projects\CPP\Project1\Project1\main.cpp(306,30): warning C4244: аргумент: преобразование "int" в "float", возможна потеря данных
C:\Users\User\OneDrive\Документы\Projects\CPP\Project1\Project1\main.cpp(310,34): warning C4244: аргумент: преобразование "int" в "float", возможна потеря данных
C:\Users\User\OneDrive\Документы\Projects\CPP\Project1\Project1\main.cpp(310,31): warning C4244: аргумент: преобразование "int" в "float", возможна потеря данных
C:\Users\User\OneDrive\Документы\Projects\CPP\Project1\Project1\main.cpp(420,79): warning C4244: аргумент: преобразование "T" в "float", возможна потеря данных
          with
          [
              T=unsigned int
          ]
C:\Users\User\OneDrive\Документы\Projects\CPP\Project1\Project1\main.cpp(420,53): warning C4244: аргумент: преобразование "T" в "float", возможна потеря данных
          with
          [
              T=unsigned int
          ]
C:\Users\User\OneDrive\Документы\Projects\CPP\Project1\Project1\main.cpp(424,77): warning C4244: аргумент: преобразование "T" в "float", возможна потеря данных
          with
          [
              T=unsigned int
          ]
C:\Users\User\OneDrive\Документы\Projects\CPP\Project1\Project1\main.cpp(424,51): warning C4244: аргумент: преобразование "T" в "float", возможна потеря данных
          with
          [
              T=unsigned int
          ]
  Project1.vcxproj -> C:\Users\User\OneDrive\Документы\Projects\CPP\Project1\x64\Debug\Project1.exe
